-------------------------------------------------------------------------------
Test set: tests.ContractsIT
-------------------------------------------------------------------------------
Tests run: 1, Failures: 1, Errors: 0, Skipped: 0, Time elapsed: 1.459 s <<< FAILURE! -- in tests.ContractsIT
tests.ContractsIT.listAccounts_matchesContractExamples -- Time elapsed: 0.729 s <<< FAILURE!
java.lang.AssertionError: expectation "assertNext" failed (expected: onNext(); actual: onError(org.springframework.web.reactive.function.client.WebClientRequestException: Connection refused: no further information: localhost/127.0.0.1:4010))
	at reactor.test.MessageFormatter.assertionError(MessageFormatter.java:115)
	at reactor.test.MessageFormatter.failPrefix(MessageFormatter.java:104)
	at reactor.test.MessageFormatter.fail(MessageFormatter.java:73)
	at reactor.test.MessageFormatter.failOptional(MessageFormatter.java:88)
	at reactor.test.DefaultStepVerifierBuilder.lambda$consumeNextWith$1(DefaultStepVerifierBuilder.java:276)
	at reactor.test.DefaultStepVerifierBuilder$SignalEvent.test(DefaultStepVerifierBuilder.java:2289)
	at reactor.test.DefaultStepVerifierBuilder$DefaultVerifySubscriber.onSignal(DefaultStepVerifierBuilder.java:1529)
	at reactor.test.DefaultStepVerifierBuilder$DefaultVerifySubscriber.onExpectation(DefaultStepVerifierBuilder.java:1477)
	at reactor.test.DefaultStepVerifierBuilder$DefaultVerifySubscriber.onError(DefaultStepVerifierBuilder.java:1129)
	at reactor.core.publisher.MonoCollectList$MonoCollectListSubscriber.onError(MonoCollectList.java:108)
	at reactor.core.publisher.MonoFlatMapMany$FlatMapManyMain.onError(MonoFlatMapMany.java:205)
	at reactor.core.publisher.FluxContextWrite$ContextWriteSubscriber.onError(FluxContextWrite.java:121)
	at reactor.core.publisher.FluxDoFinally$DoFinallySubscriber.onError(FluxDoFinally.java:119)
	at reactor.core.publisher.MonoPeekTerminal$MonoTerminalPeekSubscriber.onError(MonoPeekTerminal.java:258)
	at reactor.core.publisher.FluxPeekFuseable$PeekConditionalSubscriber.onError(FluxPeekFuseable.java:903)
	at reactor.core.publisher.Operators$MultiSubscriptionSubscriber.onError(Operators.java:2236)
	at reactor.core.publisher.FluxOnAssembly$OnAssemblySubscriber.onError(FluxOnAssembly.java:544)
	at reactor.core.publisher.FluxPeek$PeekSubscriber.onError(FluxPeek.java:222)
	at reactor.core.publisher.FluxMap$MapSubscriber.onError(FluxMap.java:134)
	at reactor.core.publisher.FluxOnErrorResume$ResumeSubscriber.onError(FluxOnErrorResume.java:106)
	at reactor.core.publisher.Operators.error(Operators.java:198)
	at reactor.core.publisher.MonoErrorSupplied.subscribe(MonoErrorSupplied.java:56)
	at reactor.core.publisher.Mono.subscribe(Mono.java:4568)
	at reactor.core.publisher.FluxOnErrorResume$ResumeSubscriber.onError(FluxOnErrorResume.java:103)
	at reactor.core.publisher.FluxPeek$PeekSubscriber.onError(FluxPeek.java:222)
	at reactor.core.publisher.FluxPeek$PeekSubscriber.onError(FluxPeek.java:222)
	at reactor.core.publisher.FluxPeek$PeekSubscriber.onError(FluxPeek.java:222)
	at reactor.core.publisher.MonoNext$NextSubscriber.onError(MonoNext.java:93)
	at reactor.core.publisher.MonoFlatMapMany$FlatMapManyMain.onError(MonoFlatMapMany.java:205)
	at reactor.core.publisher.SerializedSubscriber.onError(SerializedSubscriber.java:124)
	at reactor.core.publisher.FluxRetryWhen$RetryWhenMainSubscriber.whenError(FluxRetryWhen.java:229)
	at reactor.core.publisher.FluxRetryWhen$RetryWhenOtherSubscriber.onError(FluxRetryWhen.java:279)
	at reactor.core.publisher.FluxContextWrite$ContextWriteSubscriber.onError(FluxContextWrite.java:121)
	at reactor.core.publisher.FluxConcatMapNoPrefetch$FluxConcatMapNoPrefetchSubscriber.maybeOnError(FluxConcatMapNoPrefetch.java:327)
	at reactor.core.publisher.FluxConcatMapNoPrefetch$FluxConcatMapNoPrefetchSubscriber.onNext(FluxConcatMapNoPrefetch.java:212)
	at reactor.core.publisher.FluxContextWrite$ContextWriteSubscriber.onNext(FluxContextWrite.java:107)
	at reactor.core.publisher.SinkManyEmitterProcessor.drain(SinkManyEmitterProcessor.java:476)
	at reactor.core.publisher.SinkManyEmitterProcessor$EmitterInner.drainParent(SinkManyEmitterProcessor.java:620)
	at reactor.core.publisher.FluxPublish$PubSubInner.request(FluxPublish.java:874)
	at reactor.core.publisher.FluxContextWrite$ContextWriteSubscriber.request(FluxContextWrite.java:136)
	at reactor.core.publisher.FluxConcatMapNoPrefetch$FluxConcatMapNoPrefetchSubscriber.request(FluxConcatMapNoPrefetch.java:337)
	at reactor.core.publisher.FluxContextWrite$ContextWriteSubscriber.request(FluxContextWrite.java:136)
	at reactor.core.publisher.Operators$DeferredSubscription.request(Operators.java:1743)
	at reactor.core.publisher.FluxRetryWhen$RetryWhenMainSubscriber.onError(FluxRetryWhen.java:196)
	at reactor.core.publisher.MonoCreate$DefaultMonoSink.error(MonoCreate.java:205)
	at reactor.netty.http.client.HttpClientConnect$MonoHttpConnect$ClientTransportSubscriber.onError(HttpClientConnect.java:311)
	at reactor.core.publisher.MonoCreate$DefaultMonoSink.error(MonoCreate.java:205)
	at reactor.netty.resources.DefaultPooledConnectionProvider$DisposableAcquire.onError(DefaultPooledConnectionProvider.java:172)
	at reactor.netty.internal.shaded.reactor.pool.AbstractPool$Borrower.fail(AbstractPool.java:480)
	at reactor.netty.internal.shaded.reactor.pool.SimpleDequePool.lambda$drainLoop$9(SimpleDequePool.java:436)
	at reactor.core.publisher.FluxDoOnEach$DoOnEachSubscriber.onError(FluxDoOnEach.java:186)
	at reactor.core.publisher.MonoCreate$DefaultMonoSink.error(MonoCreate.java:205)
	at reactor.netty.resources.DefaultPooledConnectionProvider$PooledConnectionAllocator$PooledConnectionInitializer.onError(DefaultPooledConnectionProvider.java:583)
	at reactor.core.publisher.MonoFlatMap$FlatMapMain.secondError(MonoFlatMap.java:241)
	at reactor.core.publisher.MonoFlatMap$FlatMapInner.onError(MonoFlatMap.java:315)
	at reactor.core.publisher.FluxOnErrorResume$ResumeSubscriber.onError(FluxOnErrorResume.java:106)
	at reactor.core.publisher.Operators.error(Operators.java:198)
	at reactor.core.publisher.MonoError.subscribe(MonoError.java:53)
	at reactor.core.publisher.Mono.subscribe(Mono.java:4568)
	at reactor.core.publisher.FluxOnErrorResume$ResumeSubscriber.onError(FluxOnErrorResume.java:103)
	at reactor.netty.transport.TransportConnector$MonoChannelPromise.tryFailure(TransportConnector.java:576)
	at reactor.netty.transport.TransportConnector$MonoChannelPromise.setFailure(TransportConnector.java:522)
	at reactor.netty.transport.TransportConnector.lambda$doConnect$7(TransportConnector.java:261)
	at io.netty.util.concurrent.DefaultPromise.notifyListener0(DefaultPromise.java:590)
	at io.netty.util.concurrent.DefaultPromise.notifyListeners0(DefaultPromise.java:583)
	at io.netty.util.concurrent.DefaultPromise.notifyListenersNow(DefaultPromise.java:559)
	at io.netty.util.concurrent.DefaultPromise.notifyListeners(DefaultPromise.java:492)
	at io.netty.util.concurrent.DefaultPromise.setValue0(DefaultPromise.java:636)
	at io.netty.util.concurrent.DefaultPromise.setFailure0(DefaultPromise.java:629)
	at io.netty.util.concurrent.DefaultPromise.tryFailure(DefaultPromise.java:118)
	at io.netty.channel.nio.AbstractNioChannel$AbstractNioUnsafe.fulfillConnectPromise(AbstractNioChannel.java:326)
	at io.netty.channel.nio.AbstractNioChannel$AbstractNioUnsafe.finishConnect(AbstractNioChannel.java:342)
	at io.netty.channel.nio.NioEventLoop.processSelectedKey(NioEventLoop.java:776)
	at io.netty.channel.nio.NioEventLoop.processSelectedKeysOptimized(NioEventLoop.java:724)
	at io.netty.channel.nio.NioEventLoop.processSelectedKeys(NioEventLoop.java:650)
	at io.netty.channel.nio.NioEventLoop.run(NioEventLoop.java:562)
	at io.netty.util.concurrent.SingleThreadEventExecutor$4.run(SingleThreadEventExecutor.java:994)
	at io.netty.util.internal.ThreadExecutorMap$2.run(ThreadExecutorMap.java:74)
	at io.netty.util.concurrent.FastThreadLocalRunnable.run(FastThreadLocalRunnable.java:30)
	at java.base/java.lang.Thread.run(Thread.java:842)
	Suppressed: org.springframework.web.reactive.function.client.WebClientRequestException: Connection refused: no further information: localhost/127.0.0.1:4010
		at org.springframework.web.reactive.function.client.ExchangeFunctions$DefaultExchangeFunction.lambda$wrapException$9(ExchangeFunctions.java:136)
		Suppressed: The stacktrace has been enhanced by Reactor, refer to additional information below: 
Error has been observed at the following site(s):
	*__checkpoint ⇢ Request to GET http://localhost:4010/accounts [DefaultWebClient]
Original Stack Trace:
			at org.springframework.web.reactive.function.client.ExchangeFunctions$DefaultExchangeFunction.lambda$wrapException$9(ExchangeFunctions.java:136)
			at reactor.core.publisher.MonoErrorSupplied.subscribe(MonoErrorSupplied.java:55)
			at reactor.core.publisher.Mono.subscribe(Mono.java:4568)
			at reactor.core.publisher.FluxOnErrorResume$ResumeSubscriber.onError(FluxOnErrorResume.java:103)
			at reactor.core.publisher.FluxPeek$PeekSubscriber.onError(FluxPeek.java:222)
			at reactor.core.publisher.FluxPeek$PeekSubscriber.onError(FluxPeek.java:222)
			at reactor.core.publisher.FluxPeek$PeekSubscriber.onError(FluxPeek.java:222)
			at reactor.core.publisher.MonoNext$NextSubscriber.onError(MonoNext.java:93)
			at reactor.core.publisher.MonoFlatMapMany$FlatMapManyMain.onError(MonoFlatMapMany.java:205)
			at reactor.core.publisher.SerializedSubscriber.onError(SerializedSubscriber.java:124)
			at reactor.core.publisher.FluxRetryWhen$RetryWhenMainSubscriber.whenError(FluxRetryWhen.java:229)
			at reactor.core.publisher.FluxRetryWhen$RetryWhenOtherSubscriber.onError(FluxRetryWhen.java:279)
			at reactor.core.publisher.FluxContextWrite$ContextWriteSubscriber.onError(FluxContextWrite.java:121)
			at reactor.core.publisher.FluxConcatMapNoPrefetch$FluxConcatMapNoPrefetchSubscriber.maybeOnError(FluxConcatMapNoPrefetch.java:327)
			at reactor.core.publisher.FluxConcatMapNoPrefetch$FluxConcatMapNoPrefetchSubscriber.onNext(FluxConcatMapNoPrefetch.java:212)
			at reactor.core.publisher.FluxContextWrite$ContextWriteSubscriber.onNext(FluxContextWrite.java:107)
			at reactor.core.publisher.SinkManyEmitterProcessor.drain(SinkManyEmitterProcessor.java:476)
			at reactor.core.publisher.SinkManyEmitterProcessor$EmitterInner.drainParent(SinkManyEmitterProcessor.java:620)
			at reactor.core.publisher.FluxPublish$PubSubInner.request(FluxPublish.java:874)
			at reactor.core.publisher.FluxContextWrite$ContextWriteSubscriber.request(FluxContextWrite.java:136)
			at reactor.core.publisher.FluxConcatMapNoPrefetch$FluxConcatMapNoPrefetchSubscriber.request(FluxConcatMapNoPrefetch.java:337)
			at reactor.core.publisher.FluxContextWrite$ContextWriteSubscriber.request(FluxContextWrite.java:136)
			at reactor.core.publisher.Operators$DeferredSubscription.request(Operators.java:1743)
			at reactor.core.publisher.FluxRetryWhen$RetryWhenMainSubscriber.onError(FluxRetryWhen.java:196)
			at reactor.core.publisher.MonoCreate$DefaultMonoSink.error(MonoCreate.java:205)
			at reactor.netty.http.client.HttpClientConnect$MonoHttpConnect$ClientTransportSubscriber.onError(HttpClientConnect.java:311)
			at reactor.core.publisher.MonoCreate$DefaultMonoSink.error(MonoCreate.java:205)
			at reactor.netty.resources.DefaultPooledConnectionProvider$DisposableAcquire.onError(DefaultPooledConnectionProvider.java:172)
			at reactor.netty.internal.shaded.reactor.pool.AbstractPool$Borrower.fail(AbstractPool.java:480)
			at reactor.netty.internal.shaded.reactor.pool.SimpleDequePool.lambda$drainLoop$9(SimpleDequePool.java:436)
			at reactor.core.publisher.FluxDoOnEach$DoOnEachSubscriber.onError(FluxDoOnEach.java:186)
			at reactor.core.publisher.MonoCreate$DefaultMonoSink.error(MonoCreate.java:205)
			at reactor.netty.resources.DefaultPooledConnectionProvider$PooledConnectionAllocator$PooledConnectionInitializer.onError(DefaultPooledConnectionProvider.java:583)
			at reactor.core.publisher.MonoFlatMap$FlatMapMain.secondError(MonoFlatMap.java:241)
			at reactor.core.publisher.MonoFlatMap$FlatMapInner.onError(MonoFlatMap.java:315)
			at reactor.core.publisher.FluxOnErrorResume$ResumeSubscriber.onError(FluxOnErrorResume.java:106)
			at reactor.core.publisher.Operators.error(Operators.java:198)
			at reactor.core.publisher.MonoError.subscribe(MonoError.java:53)
			at reactor.core.publisher.Mono.subscribe(Mono.java:4568)
			at reactor.core.publisher.FluxOnErrorResume$ResumeSubscriber.onError(FluxOnErrorResume.java:103)
			at reactor.netty.transport.TransportConnector$MonoChannelPromise.tryFailure(TransportConnector.java:576)
			at reactor.netty.transport.TransportConnector$MonoChannelPromise.setFailure(TransportConnector.java:522)
			at reactor.netty.transport.TransportConnector.lambda$doConnect$7(TransportConnector.java:261)
			at io.netty.util.concurrent.DefaultPromise.notifyListener0(DefaultPromise.java:590)
			at io.netty.util.concurrent.DefaultPromise.notifyListeners0(DefaultPromise.java:583)
			at io.netty.util.concurrent.DefaultPromise.notifyListenersNow(DefaultPromise.java:559)
			at io.netty.util.concurrent.DefaultPromise.notifyListeners(DefaultPromise.java:492)
			at io.netty.util.concurrent.DefaultPromise.setValue0(DefaultPromise.java:636)
			at io.netty.util.concurrent.DefaultPromise.setFailure0(DefaultPromise.java:629)
			at io.netty.util.concurrent.DefaultPromise.tryFailure(DefaultPromise.java:118)
			at io.netty.channel.nio.AbstractNioChannel$AbstractNioUnsafe.fulfillConnectPromise(AbstractNioChannel.java:326)
			at io.netty.channel.nio.AbstractNioChannel$AbstractNioUnsafe.finishConnect(AbstractNioChannel.java:342)
			at io.netty.channel.nio.NioEventLoop.processSelectedKey(NioEventLoop.java:776)
			at io.netty.channel.nio.NioEventLoop.processSelectedKeysOptimized(NioEventLoop.java:724)
			at io.netty.channel.nio.NioEventLoop.processSelectedKeys(NioEventLoop.java:650)
			at io.netty.channel.nio.NioEventLoop.run(NioEventLoop.java:562)
			at io.netty.util.concurrent.SingleThreadEventExecutor$4.run(SingleThreadEventExecutor.java:994)
			at io.netty.util.internal.ThreadExecutorMap$2.run(ThreadExecutorMap.java:74)
			at io.netty.util.concurrent.FastThreadLocalRunnable.run(FastThreadLocalRunnable.java:30)
			at java.base/java.lang.Thread.run(Thread.java:842)
	Caused by: io.netty.channel.AbstractChannel$AnnotatedConnectException: Connection refused: no further information: localhost/127.0.0.1:4010
	Caused by: java.net.ConnectException: Connection refused: no further information
		at java.base/sun.nio.ch.Net.pollConnect(Native Method)
		at java.base/sun.nio.ch.Net.pollConnectNow(Net.java:672)
		at java.base/sun.nio.ch.SocketChannelImpl.finishConnect(SocketChannelImpl.java:946)
		at io.netty.channel.socket.nio.NioSocketChannel.doFinishConnect(NioSocketChannel.java:336)
		at io.netty.channel.nio.AbstractNioChannel$AbstractNioUnsafe.finishConnect(AbstractNioChannel.java:339)
		at io.netty.channel.nio.NioEventLoop.processSelectedKey(NioEventLoop.java:776)
		at io.netty.channel.nio.NioEventLoop.processSelectedKeysOptimized(NioEventLoop.java:724)
		at io.netty.channel.nio.NioEventLoop.processSelectedKeys(NioEventLoop.java:650)
		at io.netty.channel.nio.NioEventLoop.run(NioEventLoop.java:562)
		at io.netty.util.concurrent.SingleThreadEventExecutor$4.run(SingleThreadEventExecutor.java:994)
		at io.netty.util.internal.ThreadExecutorMap$2.run(ThreadExecutorMap.java:74)
		at io.netty.util.concurrent.FastThreadLocalRunnable.run(FastThreadLocalRunnable.java:30)
		at java.base/java.lang.Thread.run(Thread.java:842)

