<?xml version="1.0" encoding="UTF-8"?>
<testsuite xmlns:xsi="http://www.w3.org/2001/XMLSchema-instance" xsi:noNamespaceSchemaLocation="https://maven.apache.org/surefire/maven-failsafe-plugin/xsd/failsafe-test-report-3.0.xsd" version="3.0" name="tests.PetstoreIT" time="10.714" tests="1" errors="1" skipped="0" failures="0">
  <properties>
[...]
</properties>
  <testcase name="" classname="tests.PetstoreIT" time="10.714">
    <error message="Condition with tests.PetstoreIT was not fulfilled within 10 seconds." type="org.awaitility.core.ConditionTimeoutException"><![CDATA[org.awaitility.core.ConditionTimeoutException: Condition with tests.PetstoreIT was not fulfilled within 10 seconds.
	at org.awaitility.core.ConditionAwaiter.await(ConditionAwaiter.java:167)
	at org.awaitility.core.CallableCondition.await(CallableCondition.java:78)
	at org.awaitility.core.CallableCondition.await(CallableCondition.java:26)
	at org.awaitility.core.ConditionFactory.until(ConditionFactory.java:985)
	at org.awaitility.core.ConditionFactory.until(ConditionFactory.java:954)
	at tests.PetstoreIT.waitFor(PetstoreIT.java:32)
	at tests.PetstoreIT.setup(PetstoreIT.java:26)
	at java.base/java.lang.reflect.Method.invoke(Method.java:568)
	at java.base/java.util.ArrayList.forEach(ArrayList.java:1511)
]]></error>
  </testcase>
</testsuite>